<?xml version="1.0" encoding="UTF-8"?>
<!-- Generated by org.testng.reporters.JUnitXMLReporter -->
<testsuite hostname="DESKTOP-PJHBLPG" name="Test" tests="1" failures="1" timestamp="14 May 2017 08:29:57 GMT" time="26.521" errors="0">
  <testcase name="@AfterMethod tearDown" time="0.0" classname="com.ninjacart.scripts.DirectsScripts">
    <failure type="java.lang.ArrayIndexOutOfBoundsException" message="1">
      <![CDATA[java.lang.ArrayIndexOutOfBoundsException: 1
	at com.ninjacart.genericLibrary.GenericKeywords.captureScreenshot(GenericKeywords.java:330)
	at com.ninjacart.scripts.DirectsScripts.tearDown(DirectsScripts.java:997)
... Removed 26 stack frames]]>
    </failure>
  </testcase> <!-- @AfterMethod tearDown -->
  <testcase name="createSaleOrderAndRevaluateSlabPriceAndValidate" time="25.395" classname="com.ninjacart.scripts.DirectsScripts">
    <failure type="java.lang.AssertionError" message="null">
      <![CDATA[java.lang.AssertionError: null
	at com.ninjacart.genericLibrary.GenericKeywords.loadURL(GenericKeywords.java:618)
	at com.ninjacart.businessLibrary.BusinessKeywords.loginToBiFrost(BusinessKeywords.java:70)
	at com.ninjacart.businessLibrary.BusinessKeywords.createPOForDirectApp(BusinessKeywords.java:251)
	at com.ninjacart.scripts.DirectsScripts.createSaleOrderAndRevaluateSlabPriceAndValidate(DirectsScripts.java:580)
... Removed 26 stack frames]]>
    </failure>
  </testcase> <!-- createSaleOrderAndRevaluateSlabPriceAndValidate -->
</testsuite> <!-- Test -->
